TN:
SF:/home/kevin/src/umldesigner4/src/polyfills.ts
FNF:0
FNH:0
DA:46,1
DA:60,1
LF:2
LH:2
BRF:0
BRH:0
end_of_record
TN:
SF:/home/kevin/src/umldesigner4/src/test.ts
FN:20,(anonymous_0)
FNF:1
FNH:1
FNDA:1,(anonymous_0)
DA:3,1
DA:4,1
DA:5,1
DA:6,1
DA:7,1
DA:8,1
DA:9,1
DA:10,1
DA:20,1
DA:23,1
DA:28,1
DA:30,1
DA:32,1
LF:13
LH:13
BRF:0
BRH:0
end_of_record
TN:
SF:/home/kevin/src/umldesigner4/src/app/app.component.ts
FN:37,(anonymous_2)
FN:44,AppComponent
FN:50,(anonymous_4)
FN:51,(anonymous_5)
FN:55,(anonymous_6)
FN:58,(anonymous_7)
FN:70,(anonymous_8)
FN:75,(anonymous_9)
FN:86,(anonymous_10)
FN:95,(anonymous_11)
FN:98,(anonymous_12)
FN:100,(anonymous_13)
FN:112,(anonymous_14)
FN:119,(anonymous_15)
FN:127,(anonymous_16)
FN:136,(anonymous_17)
FN:138,(anonymous_18)
FN:140,(anonymous_19)
FN:151,(anonymous_20)
FN:158,(anonymous_21)
FN:164,(anonymous_22)
FN:168,(anonymous_23)
FN:174,(anonymous_24)
FNF:23
FNH:2
FNDA:1,(anonymous_2)
FNDA:2,AppComponent
FNDA:0,(anonymous_4)
FNDA:0,(anonymous_5)
FNDA:0,(anonymous_6)
FNDA:0,(anonymous_7)
FNDA:0,(anonymous_8)
FNDA:0,(anonymous_9)
FNDA:0,(anonymous_10)
FNDA:0,(anonymous_11)
FNDA:0,(anonymous_12)
FNDA:0,(anonymous_13)
FNDA:0,(anonymous_14)
FNDA:0,(anonymous_15)
FNDA:0,(anonymous_16)
FNDA:0,(anonymous_17)
FNDA:0,(anonymous_18)
FNDA:0,(anonymous_19)
FNDA:0,(anonymous_20)
FNDA:0,(anonymous_21)
FNDA:0,(anonymous_22)
FNDA:0,(anonymous_23)
FNDA:0,(anonymous_24)
DA:1,1
DA:2,1
DA:3,1
DA:4,1
DA:6,1
DA:7,1
DA:8,1
DA:9,1
DA:10,1
DA:11,1
DA:12,1
DA:37,1
DA:38,2
DA:42,2
DA:45,2
DA:46,2
DA:47,2
DA:48,2
DA:50,1
DA:51,0
DA:52,0
DA:54,0
DA:55,0
DA:56,0
DA:57,0
DA:58,0
DA:59,0
DA:60,0
DA:61,0
DA:65,0
DA:70,0
DA:71,0
DA:75,1
DA:76,0
DA:77,0
DA:86,1
DA:87,0
DA:95,0
DA:96,0
DA:97,0
DA:99,0
DA:101,0
DA:102,0
DA:104,0
DA:112,1
DA:113,0
DA:119,0
DA:120,0
DA:121,0
DA:122,0
DA:127,1
DA:128,0
DA:136,0
DA:137,0
DA:138,0
DA:139,0
DA:141,0
DA:142,0
DA:144,0
DA:151,1
DA:152,0
DA:158,0
DA:159,0
DA:160,0
DA:164,1
DA:165,0
DA:166,0
DA:168,0
DA:169,0
DA:174,1
DA:175,0
DA:177,0
DA:178,0
DA:181,1
LF:74
LH:27
BRDA:54,0,0,0
BRDA:54,0,1,0
BRDA:56,1,0,0
BRDA:56,1,1,0
BRDA:57,2,0,0
BRDA:57,2,1,0
BRDA:59,3,0,0
BRDA:59,3,1,0
BRDA:76,4,0,0
BRDA:76,4,1,0
BRDA:86,5,0,0
BRDA:86,5,1,0
BRDA:96,6,0,0
BRDA:96,6,1,0
BRDA:96,7,0,0
BRDA:96,7,1,0
BRDA:101,8,0,0
BRDA:101,8,1,0
BRDA:120,9,0,0
BRDA:120,9,1,0
BRDA:127,10,0,0
BRDA:127,10,1,0
BRDA:137,11,0,0
BRDA:137,11,1,0
BRDA:137,12,0,0
BRDA:137,12,1,0
BRDA:141,13,0,0
BRDA:141,13,1,0
BRDA:159,14,0,0
BRDA:159,14,1,0
BRDA:165,15,0,0
BRDA:165,15,1,0
BRDA:175,16,0,0
BRDA:175,16,1,0
BRDA:177,17,0,0
BRDA:177,17,1,0
BRF:36
BRH:0
end_of_record
TN:
SF:/home/kevin/src/umldesigner4/src/app/project.service.ts
FN:19,(anonymous_7)
FN:22,(anonymous_9)
FN:28,(anonymous_11)
FN:33,ProjectService
FN:77,(anonymous_13)
FN:78,(anonymous_14)
FN:78,(anonymous_15)
FN:81,(anonymous_16)
FN:83,(anonymous_17)
FN:92,(anonymous_18)
FN:97,(anonymous_19)
FN:99,(anonymous_20)
FN:115,(anonymous_21)
FN:116,(anonymous_22)
FN:118,(anonymous_23)
FN:136,(anonymous_24)
FN:138,(anonymous_25)
FN:140,(anonymous_26)
FN:151,(anonymous_27)
FN:155,(anonymous_28)
FN:157,(anonymous_29)
FN:159,(anonymous_30)
FNF:22
FNH:22
FNDA:3,(anonymous_7)
FNDA:8,(anonymous_9)
FNDA:1,(anonymous_11)
FNDA:7,ProjectService
FNDA:8,(anonymous_13)
FNDA:9,(anonymous_14)
FNDA:80,(anonymous_15)
FNDA:7,(anonymous_16)
FNDA:57,(anonymous_17)
FNDA:7,(anonymous_18)
FNDA:2,(anonymous_19)
FNDA:17,(anonymous_20)
FNDA:5,(anonymous_21)
FNDA:5,(anonymous_22)
FNDA:6,(anonymous_23)
FNDA:7,(anonymous_24)
FNDA:63,(anonymous_25)
FNDA:3,(anonymous_26)
FNDA:7,(anonymous_27)
FNDA:3,(anonymous_28)
FNDA:27,(anonymous_29)
FNDA:2,(anonymous_30)
DA:1,1
DA:2,1
DA:3,1
DA:4,1
DA:5,1
DA:6,1
DA:19,2
DA:20,2
DA:21,1
DA:22,7
DA:23,7
DA:24,1
DA:28,1
DA:33,7
DA:34,7
DA:72,7
DA:74,7
DA:77,1
DA:78,80
DA:81,1
DA:82,7
DA:83,57
DA:84,1
DA:86,6
DA:87,6
DA:88,6
DA:89,6
DA:92,1
DA:93,7
DA:94,7
DA:97,1
DA:98,2
DA:99,17
DA:100,2
DA:101,1
DA:102,1
DA:103,1
DA:105,1
DA:115,1
DA:116,5
DA:117,5
DA:118,6
DA:119,4
DA:120,2
DA:122,2
DA:125,1
DA:136,1
DA:137,7
DA:138,63
DA:139,7
DA:140,6
DA:141,1
DA:143,5
DA:144,5
DA:145,5
DA:147,1
DA:151,1
DA:152,7
DA:155,1
DA:156,3
DA:157,27
DA:158,3
DA:159,2
DA:160,2
DA:161,1
DA:162,1
DA:163,1
DA:165,1
DA:168,1
DA:171,1
LF:70
LH:70
BRDA:19,0,0,2
BRDA:19,0,1,2
BRDA:19,0,2,0
BRDA:22,1,0,7
BRDA:22,1,1,7
BRDA:22,1,2,0
BRDA:83,2,0,1
BRDA:83,2,1,6
BRDA:100,3,0,1
BRDA:100,3,1,1
BRDA:117,4,0,4
BRDA:117,4,1,1
BRDA:119,5,0,2
BRDA:119,5,1,2
BRDA:139,6,0,6
BRDA:139,6,1,1
BRDA:140,7,0,1
BRDA:140,7,1,5
BRDA:158,8,0,2
BRDA:158,8,1,1
BRDA:160,9,0,1
BRDA:160,9,1,1
BRF:22
BRH:20
end_of_record
TN:
SF:/home/kevin/src/umldesigner4/src/app/confirm-dialog/confirm-dialog.component.ts
FN:9,(anonymous_4)
FN:11,ConfirmDialogComponent
FNF:2
FNH:2
FNDA:1,(anonymous_4)
FNDA:1,ConfirmDialogComponent
DA:1,1
DA:2,1
DA:9,1
DA:11,1
DA:12,1
DA:14,1
LF:6
LH:6
BRF:0
BRH:0
end_of_record
TN:
SF:/home/kevin/src/umldesigner4/src/app/drawing-list/drawing-list.component.ts
FN:11,(anonymous_2)
FN:45,DrawingListComponent
FN:17,(anonymous_4)
FN:21,(anonymous_5)
FN:25,(anonymous_6)
FN:26,(anonymous_7)
FN:47,(anonymous_8)
FN:51,(anonymous_9)
FN:52,(anonymous_10)
FN:55,(anonymous_11)
FN:59,(anonymous_12)
FN:66,(anonymous_13)
FN:70,(anonymous_14)
FN:76,(anonymous_15)
FN:80,(anonymous_16)
FN:85,(anonymous_17)
FNF:16
FNH:11
FNDA:1,(anonymous_2)
FNDA:9,DrawingListComponent
FNDA:160,(anonymous_4)
FNDA:4,(anonymous_5)
FNDA:7,(anonymous_6)
FNDA:4,(anonymous_7)
FNDA:9,(anonymous_8)
FNDA:64,(anonymous_9)
FNDA:128,(anonymous_10)
FNDA:0,(anonymous_11)
FNDA:68,(anonymous_12)
FNDA:0,(anonymous_13)
FNDA:0,(anonymous_14)
FNDA:0,(anonymous_15)
FNDA:0,(anonymous_16)
FNDA:11,(anonymous_17)
DA:1,1
DA:11,1
DA:13,1
DA:15,9
DA:17,1
DA:18,160
DA:21,1
DA:24,4
DA:25,7
DA:26,4
DA:27,4
DA:28,4
DA:29,4
DA:30,3
DA:33,0
DA:37,10
DA:38,10
DA:39,10
DA:40,10
DA:41,10
DA:47,1
DA:51,1
DA:52,128
DA:55,1
DA:56,0
DA:59,1
DA:60,68
DA:61,32
DA:63,36
DA:66,1
DA:67,0
DA:70,1
DA:71,0
DA:72,0
DA:73,0
DA:76,1
DA:77,0
DA:80,1
DA:81,0
DA:82,0
DA:85,1
DA:86,11
DA:87,8
DA:89,3
DA:90,1
DA:94,1
LF:46
LH:37
BRDA:24,0,0,4
BRDA:24,0,1,0
BRDA:29,1,0,3
BRDA:29,1,1,1
BRDA:60,2,0,32
BRDA:60,2,1,36
BRDA:86,3,0,8
BRDA:86,3,1,3
BRDA:89,4,0,1
BRDA:89,4,1,2
BRF:10
BRH:9
end_of_record
TN:
SF:/home/kevin/src/umldesigner4/src/app/editor/editor.component.ts
FN:6,(anonymous_2)
FN:7,DrawingTool
FN:20,(anonymous_4)
FN:25,EditorComponent
FN:28,(anonymous_6)
FN:29,(anonymous_7)
FN:31,(anonymous_8)
FN:33,(anonymous_9)
FNF:8
FNH:2
FNDA:1,(anonymous_2)
FNDA:0,DrawingTool
FNDA:1,(anonymous_4)
FNDA:0,EditorComponent
FNDA:0,(anonymous_6)
FNDA:0,(anonymous_7)
FNDA:0,(anonymous_8)
FNDA:0,(anonymous_9)
DA:1,1
DA:2,1
DA:3,1
DA:6,1
DA:8,0
DA:9,0
DA:10,0
DA:11,0
DA:13,1
DA:20,1
DA:25,0
DA:26,0
DA:28,1
DA:29,0
DA:30,0
DA:31,0
DA:32,0
DA:39,1
LF:18
LH:8
BRDA:30,0,0,0
BRDA:30,0,1,0
BRDA:30,1,0,0
BRDA:30,1,1,0
BRF:4
BRH:0
end_of_record
TN:
SF:/home/kevin/src/umldesigner4/src/app/new-dialog/new-dialog.component.ts
FN:11,(anonymous_4)
FN:22,NewDialogComponent
FN:25,(anonymous_6)
FN:30,(anonymous_7)
FNF:4
FNH:4
FNDA:1,(anonymous_4)
FNDA:4,NewDialogComponent
FNDA:40,(anonymous_6)
FNDA:3,(anonymous_7)
DA:1,1
DA:2,1
DA:3,1
DA:11,1
DA:13,4
DA:15,4
DA:22,4
DA:23,4
DA:25,1
DA:26,40
DA:27,40
DA:30,1
DA:31,3
DA:32,1
DA:33,2
DA:34,1
DA:37,1
LF:17
LH:17
BRDA:31,0,0,1
BRDA:31,0,1,2
BRDA:33,1,0,1
BRDA:33,1,1,1
BRF:4
BRH:4
end_of_record
TN:
SF:/home/kevin/src/umldesigner4/src/app/outlet-wrapper/outlet-wrapper.component.ts
FN:8,(anonymous_2)
FN:10,OutletWrapperComponent
FNF:2
FNH:2
FNDA:1,(anonymous_2)
FNDA:1,OutletWrapperComponent
DA:1,1
DA:8,1
DA:12,1
LF:3
LH:3
BRF:0
BRH:0
end_of_record
